<<<<<<< HEAD
C51 COMPILER V9.00   LCD1602                                                               09/06/2016 13:22:04 PAGE 1   
=======
C51 COMPILER V9.00   LCD1602                                                               04/23/2016 14:41:30 PAGE 1   
>>>>>>> d6b5c120b5be6432f5ce0808663103f7267ee07d


C51 COMPILER V9.00, COMPILATION OF MODULE LCD1602
OBJECT MODULE PLACED IN lcd1602.OBJ
COMPILER INVOKED BY: E:\Keil\C51\BIN\C51.EXE lcd1602.c BROWSE DEBUG OBJECTEXTEND

line level    source

   1          #include "LCD1602.h"
   2          
   3          void write_cmd(uchar b);
   4          void init_lcd1602();
   5          void write_data(uchar c);
   6          
   7          /////////////////////////////////////////////////////////////////////
   8          //lcd延时函数
   9          /////////////////////////////////////////////////////////////////////
  10          void delay_lcd(uint a)                    
  11          {
  12   1              uint x,y;
  13   1              for(x=a;x>0;x--)
  14   1                      for(y=110;y>0;y--);
  15   1      } 
  16                        
  17          /////////////////////////////////////////////////////////////////////
  18          //向LCD1602发送指令
  19          /////////////////////////////////////////////////////////////////////
  20          void write_cmd(uchar b)
  21          {
  22   1                rs=0;
  23   1                rw=0;
  24   1                e=0;
  25   1                Data_LCD=b;
  26   1                delay_lcd(5);
  27   1                e=1;
  28   1                delay_lcd(5);
  29   1                e=0;
  30   1      }
  31                          
  32          /////////////////////////////////////////////////////////////////////
  33          //初始化LCD1602
  34          /////////////////////////////////////////////////////////////////////
  35          void init_lcd1602()
  36          {
  37   1              write_cmd(0x38);
  38   1              write_cmd(0xc);
  39   1              write_cmd(0x6);
  40   1              write_cmd(0x01);
  41   1      }
  42                                          
  43          /////////////////////////////////////////////////////////////////////
  44          //向LCD1602发送数据
  45          /////////////////////////////////////////////////////////////////////
  46          void write_data(uchar c)
  47          {
  48   1              rs=1;
  49   1              rw=0;
  50   1              e=0;
  51   1              Data_LCD=c;
  52   1              delay_lcd(5);
  53   1              e=1;
  54   1              delay_lcd(5);
  55   1              e=0;
<<<<<<< HEAD
C51 COMPILER V9.00   LCD1602                                                               09/06/2016 13:22:04 PAGE 2   
=======
C51 COMPILER V9.00   LCD1602                                                               04/23/2016 14:41:30 PAGE 2   
>>>>>>> d6b5c120b5be6432f5ce0808663103f7267ee07d

  56   1      }               


MODULE INFORMATION:   STATIC OVERLAYABLE
   CODE SIZE        =     85    ----
   CONSTANT SIZE    =   ----    ----
   XDATA SIZE       =   ----    ----
   PDATA SIZE       =   ----    ----
   DATA SIZE        =   ----    ----
   IDATA SIZE       =   ----    ----
   BIT SIZE         =   ----    ----
END OF MODULE INFORMATION.


C51 COMPILATION COMPLETE.  0 WARNING(S),  0 ERROR(S)
